# JRE version: Java(TM) SE Runtime Environment (21.0.8+12) (build 21.0.8+12-LTS-250)
# Java VM: Java HotSpot(TM) 64-Bit Server VM (21.0.8+12-LTS-250, mixed mode, sharing, tiered, compressed oops, compressed class ptrs, g1 gc, windows-amd64)
GC Precious Log:
 CardTable entry size: 512
 Card Set container configuration: InlinePtr #cards 4 size 8 Array Of Cards #cards 16 size 48 Howl #buckets 8 coarsen threshold 3686 Howl Bitmap #cards 512 size 80 coarsen threshold 460 Card regions per heap region 1 cards per card region 4096
 CPUs: 8 total, 8 available
 Memory: 16248M
 Large Page Support: Disabled
 NUMA Support: Disabled
 Compressed Oops: Enabled (Zero based)
 Heap Region Size: 2M
 Heap Min Capacity: 8M
 Heap Initial Capacity: 254M
 Heap Max Capacity: 4064M
 Pre-touch: Disabled
 Parallel Workers: 8
 Concurrent Workers: 2
 Concurrent Refinement Workers: 8
 Periodic GC: Disabled
Heap:
 garbage-first heap   total 65536K, used 28808K [0x0000000702000000, 0x0000000800000000)
  region size 2048K, 5 young (10240K), 1 survivors (2048K)
 Metaspace       used 45523K, committed 46080K, reserved 1114112K
  class space    used 5813K, committed 6080K, reserved 1048576K
GC Heap History (16 events):
Event: 1.674 GC heap before
{Heap before GC invocations=0 (full 0):
 garbage-first heap   total 260096K, used 20480K [0x0000000702000000, 0x0000000800000000)
  region size 2048K, 11 young (22528K), 0 survivors (0K)
 Metaspace       used 5624K, committed 5824K, reserved 1114112K
  class space    used 626K, committed 704K, reserved 1048576K
}
Event: 1.680 GC heap after
{Heap after GC invocations=1 (full 0):
 garbage-first heap   total 260096K, used 5296K [0x0000000702000000, 0x0000000800000000)
  region size 2048K, 2 young (4096K), 2 survivors (4096K)
 Metaspace       used 5624K, committed 5824K, reserved 1114112K
  class space    used 626K, committed 704K, reserved 1048576K
}
Event: 3.498 GC heap before
{Heap before GC invocations=1 (full 0):
 garbage-first heap   total 260096K, used 33968K [0x0000000702000000, 0x0000000800000000)
  region size 2048K, 16 young (32768K), 2 survivors (4096K)
 Metaspace       used 12806K, committed 13120K, reserved 1114112K
  class space    used 1661K, committed 1792K, reserved 1048576K
}
Event: 3.506 GC heap after
{Heap after GC invocations=2 (full 0):
 garbage-first heap   total 260096K, used 8332K [0x0000000702000000, 0x0000000800000000)
  region size 2048K, 2 young (4096K), 2 survivors (4096K)
 Metaspace       used 12806K, committed 13120K, reserved 1114112K
  class space    used 1661K, committed 1792K, reserved 1048576K
}
Event: 4.968 GC heap before
{Heap before GC invocations=2 (full 0):
 garbage-first heap   total 260096K, used 51340K [0x0000000702000000, 0x0000000800000000)
  region size 2048K, 25 young (51200K), 2 survivors (4096K)
 Metaspace       used 21213K, committed 21504K, reserved 1114112K
  class space    used 2632K, committed 2752K, reserved 1048576K
}
Event: 4.976 GC heap after
{Heap after GC invocations=3 (full 0):
 garbage-first heap   total 260096K, used 11622K [0x0000000702000000, 0x0000000800000000)
  region size 2048K, 3 young (6144K), 3 survivors (6144K)
 Metaspace       used 21213K, committed 21504K, reserved 1114112K
  class space    used 2632K, committed 2752K, reserved 1048576K
}
Event: 7.131 GC heap before
{Heap before GC invocations=4 (full 0):
 garbage-first heap   total 55296K, used 54630K [0x0000000702000000, 0x0000000800000000)
  region size 2048K, 24 young (49152K), 3 survivors (6144K)
 Metaspace       used 30658K, committed 31104K, reserved 1114112K
  class space    used 3972K, committed 4160K, reserved 1048576K
}
Event: 7.142 GC heap after
{Heap after GC invocations=5 (full 0):
 garbage-first heap   total 65536K, used 14691K [0x0000000702000000, 0x0000000800000000)
  region size 2048K, 5 young (10240K), 5 survivors (10240K)
 Metaspace       used 30658K, committed 31104K, reserved 1114112K
  class space    used 3972K, committed 4160K, reserved 1048576K
}
Event: 7.940 GC heap before
{Heap before GC invocations=5 (full 0):
 garbage-first heap   total 65536K, used 43363K [0x0000000702000000, 0x0000000800000000)
  region size 2048K, 19 young (38912K), 5 survivors (10240K)
 Metaspace       used 34010K, committed 34560K, reserved 1114112K
  class space    used 4425K, committed 4672K, reserved 1048576K
}
Event: 7.955 GC heap after
{Heap after GC invocations=6 (full 0):
 garbage-first heap   total 65536K, used 16854K [0x0000000702000000, 0x0000000800000000)
  region size 2048K, 2 young (4096K), 2 survivors (4096K)
 Metaspace       used 34010K, committed 34560K, reserved 1114112K
  class space    used 4425K, committed 4672K, reserved 1048576K
}
Event: 8.287 GC heap before
{Heap before GC invocations=6 (full 0):
 garbage-first heap   total 65536K, used 22998K [0x0000000702000000, 0x0000000800000000)
  region size 2048K, 6 young (12288K), 2 survivors (4096K)
 Metaspace       used 35474K, committed 35968K, reserved 1114112K
  class space    used 4636K, committed 4864K, reserved 1048576K
}
Event: 8.294 GC heap after
{Heap after GC invocations=7 (full 0):
 garbage-first heap   total 65536K, used 17787K [0x0000000702000000, 0x0000000800000000)
  region size 2048K, 2 young (4096K), 2 survivors (4096K)
 Metaspace       used 35474K, committed 35968K, reserved 1114112K
  class space    used 4636K, committed 4864K, reserved 1048576K
}
Event: 21.120 GC heap before
{Heap before GC invocations=8 (full 0):
 garbage-first heap   total 65536K, used 48507K [0x0000000702000000, 0x0000000800000000)
  region size 2048K, 18 young (36864K), 2 survivors (4096K)
 Metaspace       used 43760K, committed 44416K, reserved 1114112K
  class space    used 5781K, committed 6080K, reserved 1048576K
}
Event: 21.133 GC heap after
{Heap after GC invocations=9 (full 0):
 garbage-first heap   total 65536K, used 21861K [0x0000000702000000, 0x0000000800000000)
  region size 2048K, 3 young (6144K), 3 survivors (6144K)
 Metaspace       used 43760K, committed 44416K, reserved 1114112K
  class space    used 5781K, committed 6080K, reserved 1048576K
}
Event: 2665.180 GC heap before
{Heap before GC invocations=9 (full 0):
 garbage-first heap   total 65536K, used 50533K [0x0000000702000000, 0x0000000800000000)
  region size 2048K, 17 young (34816K), 3 survivors (6144K)
 Metaspace       used 45220K, committed 45824K, reserved 1114112K
  class space    used 5805K, committed 6080K, reserved 1048576K
}
Event: 2665.249 GC heap after
{Heap after GC invocations=10 (full 0):
 garbage-first heap   total 65536K, used 22664K [0x0000000702000000, 0x0000000800000000)
  region size 2048K, 1 young (2048K), 1 survivors (2048K)
 Metaspace       used 45220K, committed 45824K, reserved 1114112K
  class space    used 5805K, committed 6080K, reserved 1048576K
}

